<?xml version="1.0" encoding="UTF-8"?>
<testsuite xmlns:xsi="http://www.w3.org/2001/XMLSchema-instance" xsi:noNamespaceSchemaLocation="https://maven.apache.org/surefire/maven-surefire-plugin/xsd/surefire-test-report-3.0.xsd" version="3.0" name="org.example.SmokeTest" time="1.002" tests="1" errors="0" skipped="0" failures="0">
  <properties>
[...]
</properties>
  <testcase name="contextLoads" classname="org.example.SmokeTest" time="0.087">
    <system-out><![CDATA[2023-10-30T11:26:47.335-04:00  INFO 68096 --- [           main] t.c.s.AnnotationConfigContextLoaderUtils : Could not detect default configuration classes for test class [org.example.SmokeTest]: SmokeTest does not declare any static, non-private, non-final, nested classes annotated with @Configuration.
2023-10-30T11:26:47.337-04:00  INFO 68096 --- [           main] .b.t.c.SpringBootTestContextBootstrapper : Found @SpringBootConfiguration org.example.AccessingDataJPAApplication for test class org.example.SmokeTest

  .   ____          _            __ _ _
 /\\ / ___'_ __ _ _(_)_ __  __ _ \ \ \ \
( ( )\___ | '_ | '_| | '_ \/ _` | \ \ \ \
 \\/  ___)| |_)| | | | | || (_| |  ) ) ) )
  '  |____| .__|_| |_|_| |_\__, | / / / /
 =========|_|==============|___/=/_/_/_/
 :: Spring Boot ::                (v3.1.4)

2023-10-30T11:26:47.367-04:00  INFO 68096 --- [           main] org.example.SmokeTest                    : Starting SmokeTest using Java 17.0.5 with PID 68096 (started by guymorgenshtern in /Users/guymorgenshtern/Desktop/Carleton University/fourthyear/SYSC4806 - Software Lab/Lab3-DIWithSpring)
2023-10-30T11:26:47.368-04:00  INFO 68096 --- [           main] org.example.SmokeTest                    : No active profile set, falling back to 1 default profile: "default"
2023-10-30T11:26:47.581-04:00  INFO 68096 --- [           main] .s.d.r.c.RepositoryConfigurationDelegate : Bootstrapping Spring Data JPA repositories in DEFAULT mode.
2023-10-30T11:26:47.595-04:00  INFO 68096 --- [           main] .s.d.r.c.RepositoryConfigurationDelegate : Finished Spring Data repository scanning in 13 ms. Found 2 JPA repository interfaces.
2023-10-30T11:26:47.762-04:00  INFO 68096 --- [           main] com.zaxxer.hikari.HikariDataSource       : HikariPool-2 - Starting...
2023-10-30T11:26:47.766-04:00  INFO 68096 --- [           main] com.zaxxer.hikari.pool.HikariPool        : HikariPool-2 - Added connection conn10: url=jdbc:h2:mem:fe63293b-e9f3-49d4-a312-b4cf26ca8251 user=SA
2023-10-30T11:26:47.767-04:00  INFO 68096 --- [           main] com.zaxxer.hikari.HikariDataSource       : HikariPool-2 - Start completed.
2023-10-30T11:26:47.769-04:00  INFO 68096 --- [           main] o.hibernate.jpa.internal.util.LogHelper  : HHH000204: Processing PersistenceUnitInfo [name: default]
2023-10-30T11:26:47.775-04:00  INFO 68096 --- [           main] o.h.b.i.BytecodeProviderInitiator        : HHH000021: Bytecode provider name : bytebuddy
2023-10-30T11:26:47.775-04:00  INFO 68096 --- [           main] o.s.o.j.p.SpringPersistenceUnitInfo      : No LoadTimeWeaver setup: ignoring JPA class transformer
2023-10-30T11:26:47.788-04:00  INFO 68096 --- [           main] o.h.b.i.BytecodeProviderInitiator        : HHH000021: Bytecode provider name : bytebuddy
2023-10-30T11:26:47.838-04:00  INFO 68096 --- [           main] o.h.e.t.j.p.i.JtaPlatformInitiator       : HHH000490: Using JtaPlatform implementation: [org.hibernate.engine.transaction.jta.platform.internal.NoJtaPlatform]
2023-10-30T11:26:47.846-04:00  INFO 68096 --- [           main] j.LocalContainerEntityManagerFactoryBean : Initialized JPA EntityManagerFactory for persistence unit 'default'
2023-10-30T11:26:47.847-04:00  INFO 68096 --- [           main] f.a.AutowiredAnnotationBeanPostProcessor : Autowired annotation is not supported on static methods: public static void org.example.AccessingDataJPAApplication.main(java.lang.String[])
2023-10-30T11:26:47.925-04:00  WARN 68096 --- [           main] JpaBaseConfiguration$JpaWebConfiguration : spring.jpa.open-in-view is enabled by default. Therefore, database queries may be performed during view rendering. Explicitly configure spring.jpa.open-in-view to disable this warning
2023-10-30T11:26:48.029-04:00  INFO 68096 --- [           main] o.s.b.a.w.s.WelcomePageHandlerMapping    : Adding welcome page: class path resource [static/index.html]
2023-10-30T11:26:48.219-04:00  INFO 68096 --- [           main] org.example.SmokeTest                    : Started SmokeTest in 0.877 seconds (process running for 9.077)
2023-10-30T11:26:48.225-04:00  INFO 68096 --- [           main] o.example.AccessingDataJPAApplication    : BuddyInfo using findAll()
2023-10-30T11:26:48.225-04:00  INFO 68096 --- [           main] o.example.AccessingDataJPAApplication    : --------------------------
2023-10-30T11:26:48.228-04:00  INFO 68096 --- [           main] o.example.AccessingDataJPAApplication    : 
---Guy---
ID: 1 
Phone #: 123 
Address: 1 address
2023-10-30T11:26:48.228-04:00  INFO 68096 --- [           main] o.example.AccessingDataJPAApplication    : 
---Yug---
ID: 2 
Phone #: 456 
Address: 2 address
2023-10-30T11:26:48.229-04:00  INFO 68096 --- [           main] o.example.AccessingDataJPAApplication    : 
2023-10-30T11:26:48.229-04:00  INFO 68096 --- [           main] o.example.AccessingDataJPAApplication    : BuddyInfo using findByID()
2023-10-30T11:26:48.229-04:00  INFO 68096 --- [           main] o.example.AccessingDataJPAApplication    : --------------------------
2023-10-30T11:26:48.232-04:00  INFO 68096 --- [           main] o.example.AccessingDataJPAApplication    : 
---Guy---
ID: 1 
Phone #: 123 
Address: 1 address
2023-10-30T11:26:48.239-04:00  INFO 68096 --- [           main] o.example.AccessingDataJPAApplication    : AddressBook using findAll()
2023-10-30T11:26:48.239-04:00  INFO 68096 --- [           main] o.example.AccessingDataJPAApplication    : --------------------------
2023-10-30T11:26:48.244-04:00  INFO 68096 --- [           main] o.example.AccessingDataJPAApplication    : 
---Guy---
ID: 3 
Phone #: 123 
Address: 1 address</br> ---Yug---
ID: 4 
Phone #: 456 
Address: 2 address</br> 
2023-10-30T11:26:48.244-04:00  INFO 68096 --- [           main] o.example.AccessingDataJPAApplication    : 
]]></system-out>
  </testcase>
</testsuite>